<!DOCTYPE html>

<html>
  <head>
  <meta charset='utf-8'>
  <title>TestNG reports</title>

    <link type="text/css" href="testng-reports1.css" rel="stylesheet" id="ultra" />
    <link type="text/css" href="testng-reports.css" rel="stylesheet" id="retro" disabled="false"/>
    <script type="text/javascript" src="jquery-3.6.0.min.js"></script>
    <script type="text/javascript" src="testng-reports.js"></script>
    <script type="text/javascript" src="https://www.google.com/jsapi"></script>
    <script type='text/javascript'>
      google.load('visualization', '1', {packages:['table']});
      google.setOnLoadCallback(drawTable);
      var suiteTableInitFunctions = new Array();
      var suiteTableData = new Array();
    </script>
    <!--
      <script type="text/javascript" src="jquery-ui/js/jquery-ui-1.8.16.custom.min.js"></script>
     -->
  </head>

  <body>    <div class="top-banner-root">
      <span class="top-banner-title-font">Test results</span>
      <button id="button" class="button">Switch Retro Theme</button> <!-- button -->
      <br/>
      <span class="top-banner-font-1">1 suite, 2 failed tests</span>
    </div> <!-- top-banner-root -->
    <div class="navigator-root">
      <div class="navigator-suite-header">
        <span>All suites</span>
        <a href="#" title="Collapse/expand all the suites" class="collapse-all-link">
          <img src="collapseall.gif" class="collapse-all-icon">
          </img> <!-- collapse-all-icon -->
        </a> <!-- collapse-all-link -->
      </div> <!-- navigator-suite-header -->
      <div class="suite">
        <div class="rounded-window">
          <div class="suite-header light-rounded-window-top">
            <a href="#" panel-name="suite-Default_suite" class="navigator-link">
              <span class="suite-name border-failed">Default suite</span>
            </a> <!-- navigator-link -->
          </div> <!-- suite-header light-rounded-window-top -->
          <div class="navigator-suite-content">
            <div class="suite-section-title">
              <span>Info</span>
            </div> <!-- suite-section-title -->
            <div class="suite-section-content">
              <ul>
                <li>
                  <a href="#" panel-name="test-xml-Default_suite" class="navigator-link ">
                    <span>C:\Users\zikaz\AppData\Local\Temp\testng-eclipse-1592363801\testng-customsuite.xml</span>
                  </a> <!-- navigator-link  -->
                </li>
                <li>
                  <a href="#" panel-name="testlist-Default_suite" class="navigator-link ">
                    <span class="test-stats">1 test</span>
                  </a> <!-- navigator-link  -->
                </li>
                <li>
                  <a href="#" panel-name="group-Default_suite" class="navigator-link ">
                    <span>0 groups</span>
                  </a> <!-- navigator-link  -->
                </li>
                <li>
                  <a href="#" panel-name="times-Default_suite" class="navigator-link ">
                    <span>Times</span>
                  </a> <!-- navigator-link  -->
                </li>
                <li>
                  <a href="#" panel-name="reporter-Default_suite" class="navigator-link ">
                    <span>Reporter output</span>
                  </a> <!-- navigator-link  -->
                </li>
                <li>
                  <a href="#" panel-name="ignored-methods-Default_suite" class="navigator-link ">
                    <span>Ignored methods</span>
                  </a> <!-- navigator-link  -->
                </li>
                <li>
                  <a href="#" panel-name="chronological-Default_suite" class="navigator-link ">
                    <span>Chronological view</span>
                  </a> <!-- navigator-link  -->
                </li>
              </ul>
            </div> <!-- suite-section-content -->
            <div class="result-section">
              <div class="suite-section-title">
                <span>Results</span>
              </div> <!-- suite-section-title -->
              <div class="suite-section-content">
                <ul>
                  <li>
                    <span class="method-stats">11 methods, 2 failed,   9 passed</span>
                  </li>
                  <li>
                    <span class="method-list-title failed">Failed methods</span>
                    <span class="show-or-hide-methods failed">
                      <a href="#" panel-name="suite-Default_suite" class="hide-methods failed suite-Default_suite"> (hide)</a> <!-- hide-methods failed suite-Default_suite -->
                      <a href="#" panel-name="suite-Default_suite" class="show-methods failed suite-Default_suite"> (show)</a> <!-- show-methods failed suite-Default_suite -->
                    </span>
                    <div class="method-list-content failed suite-Default_suite">
                      <span>
                        <img src="failed.png" width="3%"/>
                        <a href="#" panel-name="suite-Default_suite" title="tests.TestClass" class="method navigator-link" hash-for-method="test05_check_for_every_ID_to_be_in_Asc_order">test05_check_for_every_ID_to_be_in_Asc_order</a> <!-- method navigator-link -->
                      </span>
                      <br/>
                      <span>
                        <img src="failed.png" width="3%"/>
                        <a href="#" panel-name="suite-Default_suite" title="tests.TestClass" class="method navigator-link" hash-for-method="test11_update_table">test11_update_table</a> <!-- method navigator-link -->
                      </span>
                      <br/>
                    </div> <!-- method-list-content failed suite-Default_suite -->
                  </li>
                  <li>
                    <span class="method-list-title passed">Passed methods</span>
                    <span class="show-or-hide-methods passed">
                      <a href="#" panel-name="suite-Default_suite" class="hide-methods passed suite-Default_suite"> (hide)</a> <!-- hide-methods passed suite-Default_suite -->
                      <a href="#" panel-name="suite-Default_suite" class="show-methods passed suite-Default_suite"> (show)</a> <!-- show-methods passed suite-Default_suite -->
                    </span>
                    <div class="method-list-content passed suite-Default_suite">
                      <span>
                        <img src="passed.png" width="3%"/>
                        <a href="#" panel-name="suite-Default_suite" title="tests.TestClass" class="method navigator-link" hash-for-method="test00_succsesfull_connection">test00_succsesfull_connection</a> <!-- method navigator-link -->
                      </span>
                      <br/>
                      <span>
                        <img src="passed.png" width="3%"/>
                        <a href="#" panel-name="suite-Default_suite" title="tests.TestClass" class="method navigator-link" hash-for-method="test01_unsuccsesfull_connection">test01_unsuccsesfull_connection</a> <!-- method navigator-link -->
                      </span>
                      <br/>
                      <span>
                        <img src="passed.png" width="3%"/>
                        <a href="#" panel-name="suite-Default_suite" title="tests.TestClass" class="method navigator-link" hash-for-method="test02_get_names_of_table_data_columns">test02_get_names_of_table_data_columns</a> <!-- method navigator-link -->
                      </span>
                      <br/>
                      <span>
                        <img src="passed.png" width="3%"/>
                        <a href="#" panel-name="suite-Default_suite" title="tests.TestClass" class="method navigator-link" hash-for-method="test03_get_types_of_table_data_columns">test03_get_types_of_table_data_columns</a> <!-- method navigator-link -->
                      </span>
                      <br/>
                      <span>
                        <img src="passed.png" width="3%"/>
                        <a href="#" panel-name="suite-Default_suite" title="tests.TestClass" class="method navigator-link" hash-for-method="test04_check_for_every_element_to_be_notNull">test04_check_for_every_element_to_be_notNull</a> <!-- method navigator-link -->
                      </span>
                      <br/>
                      <span>
                        <img src="passed.png" width="3%"/>
                        <a href="#" panel-name="suite-Default_suite" title="tests.TestClass" class="method navigator-link" hash-for-method="test07_check_for_every_userName_to_be_unique">test07_check_for_every_userName_to_be_unique</a> <!-- method navigator-link -->
                      </span>
                      <br/>
                      <span>
                        <img src="passed.png" width="3%"/>
                        <a href="#" panel-name="suite-Default_suite" title="tests.TestClass" class="method navigator-link" hash-for-method="test08_add_items_into_dataBase">test08_add_items_into_dataBase</a> <!-- method navigator-link -->
                      </span>
                      <br/>
                      <span>
                        <img src="passed.png" width="3%"/>
                        <a href="#" panel-name="suite-Default_suite" title="tests.TestClass" class="method navigator-link" hash-for-method="test09_check_to_be_unable_to_add_duplicate_usernames">test09_check_to_be_unable_to_add_duplicate_usernames</a> <!-- method navigator-link -->
                      </span>
                      <br/>
                      <span>
                        <img src="passed.png" width="3%"/>
                        <a href="#" panel-name="suite-Default_suite" title="tests.TestClass" class="method navigator-link" hash-for-method="test10_incorrect_table_name_exception_check">test10_incorrect_table_name_exception_check</a> <!-- method navigator-link -->
                      </span>
                      <br/>
                    </div> <!-- method-list-content passed suite-Default_suite -->
                  </li>
                </ul>
              </div> <!-- suite-section-content -->
            </div> <!-- result-section -->
          </div> <!-- navigator-suite-content -->
        </div> <!-- rounded-window -->
      </div> <!-- suite -->
    </div> <!-- navigator-root -->
    <div class="wrapper">
      <div class="main-panel-root">
        <div panel-name="suite-Default_suite" class="panel Default_suite">
          <div class="suite-Default_suite-class-failed">
            <div class="main-panel-header rounded-window-top">
              <img src="failed.png"/>
              <span class="class-name">tests.TestClass</span>
            </div> <!-- main-panel-header rounded-window-top -->
            <div class="main-panel-content rounded-window-bottom">
              <div class="method">
                <div class="method-content">
                  <a name="test05_check_for_every_ID_to_be_in_Asc_order">
                  </a> <!-- test05_check_for_every_ID_to_be_in_Asc_order -->
                  <span class="method-name">test05_check_for_every_ID_to_be_in_Asc_order</span>
                  <div class="stack-trace">java.lang.AssertionError: expected [true] but found [false]
	at org.testng.Assert.fail(Assert.java:110)
	at org.testng.Assert.failNotEquals(Assert.java:1413)
	at org.testng.Assert.assertTrue(Assert.java:56)
	at org.testng.Assert.assertTrue(Assert.java:66)
	at tests.TestClass.test05_check_for_every_ID_to_be_in_Asc_order(TestClass.java:87)
	at java.base/jdk.internal.reflect.NativeMethodAccessorImpl.invoke0(Native Method)
	at java.base/jdk.internal.reflect.NativeMethodAccessorImpl.invoke(NativeMethodAccessorImpl.java:77)
	at java.base/jdk.internal.reflect.DelegatingMethodAccessorImpl.invoke(DelegatingMethodAccessorImpl.java:43)
	at java.base/java.lang.reflect.Method.invoke(Method.java:568)
	at org.testng.internal.invokers.MethodInvocationHelper.invokeMethod(MethodInvocationHelper.java:139)
	at org.testng.internal.invokers.TestInvoker.invokeMethod(TestInvoker.java:677)
	at org.testng.internal.invokers.TestInvoker.invokeTestMethod(TestInvoker.java:221)
	at org.testng.internal.invokers.MethodRunner.runInSequence(MethodRunner.java:50)
	at org.testng.internal.invokers.TestInvoker$MethodInvocationAgent.invoke(TestInvoker.java:969)
	at org.testng.internal.invokers.TestInvoker.invokeTestMethods(TestInvoker.java:194)
	at org.testng.internal.invokers.TestMethodWorker.invokeTestMethods(TestMethodWorker.java:148)
	at org.testng.internal.invokers.TestMethodWorker.run(TestMethodWorker.java:128)
	at java.base/java.util.ArrayList.forEach(ArrayList.java:1511)
	at org.testng.TestRunner.privateRun(TestRunner.java:829)
	at org.testng.TestRunner.run(TestRunner.java:602)
	at org.testng.SuiteRunner.runTest(SuiteRunner.java:437)
	at org.testng.SuiteRunner.runSequentially(SuiteRunner.java:431)
	at org.testng.SuiteRunner.privateRun(SuiteRunner.java:391)
	at org.testng.SuiteRunner.run(SuiteRunner.java:330)
	at org.testng.SuiteRunnerWorker.runSuite(SuiteRunnerWorker.java:52)
	at org.testng.SuiteRunnerWorker.run(SuiteRunnerWorker.java:95)
	at org.testng.TestNG.runSuitesSequentially(TestNG.java:1256)
	at org.testng.TestNG.runSuitesLocally(TestNG.java:1176)
	at org.testng.TestNG.runSuites(TestNG.java:1099)
	at org.testng.TestNG.run(TestNG.java:1067)
	at org.testng.remote.AbstractRemoteTestNG.run(AbstractRemoteTestNG.java:115)
	at org.testng.remote.RemoteTestNG.initAndRun(RemoteTestNG.java:251)
	at org.testng.remote.RemoteTestNG.main(RemoteTestNG.java:77)

</div> <!-- stack-trace -->
                </div> <!-- method-content -->
              </div> <!-- method -->
              <div class="method">
                <div class="method-content">
                  <a name="test11_update_table">
                  </a> <!-- test11_update_table -->
                  <span class="method-name">test11_update_table</span>
                  <div class="stack-trace">java.lang.AssertionError: expected [charissa.gottlieb] but found [donnell.koepp]
	at org.testng.Assert.fail(Assert.java:110)
	at org.testng.Assert.failNotEquals(Assert.java:1413)
	at org.testng.Assert.assertEqualsImpl(Assert.java:149)
	at org.testng.Assert.assertEquals(Assert.java:131)
	at org.testng.Assert.assertEquals(Assert.java:643)
	at tests.TestClass.test11_update_table(TestClass.java:185)
	at java.base/jdk.internal.reflect.NativeMethodAccessorImpl.invoke0(Native Method)
	at java.base/jdk.internal.reflect.NativeMethodAccessorImpl.invoke(NativeMethodAccessorImpl.java:77)
	at java.base/jdk.internal.reflect.DelegatingMethodAccessorImpl.invoke(DelegatingMethodAccessorImpl.java:43)
	at java.base/java.lang.reflect.Method.invoke(Method.java:568)
	at org.testng.internal.invokers.MethodInvocationHelper.invokeMethod(MethodInvocationHelper.java:139)
	at org.testng.internal.invokers.TestInvoker.invokeMethod(TestInvoker.java:677)
	at org.testng.internal.invokers.TestInvoker.invokeTestMethod(TestInvoker.java:221)
	at org.testng.internal.invokers.MethodRunner.runInSequence(MethodRunner.java:50)
	at org.testng.internal.invokers.TestInvoker$MethodInvocationAgent.invoke(TestInvoker.java:969)
	at org.testng.internal.invokers.TestInvoker.invokeTestMethods(TestInvoker.java:194)
	at org.testng.internal.invokers.TestMethodWorker.invokeTestMethods(TestMethodWorker.java:148)
	at org.testng.internal.invokers.TestMethodWorker.run(TestMethodWorker.java:128)
	at java.base/java.util.ArrayList.forEach(ArrayList.java:1511)
	at org.testng.TestRunner.privateRun(TestRunner.java:829)
	at org.testng.TestRunner.run(TestRunner.java:602)
	at org.testng.SuiteRunner.runTest(SuiteRunner.java:437)
	at org.testng.SuiteRunner.runSequentially(SuiteRunner.java:431)
	at org.testng.SuiteRunner.privateRun(SuiteRunner.java:391)
	at org.testng.SuiteRunner.run(SuiteRunner.java:330)
	at org.testng.SuiteRunnerWorker.runSuite(SuiteRunnerWorker.java:52)
	at org.testng.SuiteRunnerWorker.run(SuiteRunnerWorker.java:95)
	at org.testng.TestNG.runSuitesSequentially(TestNG.java:1256)
	at org.testng.TestNG.runSuitesLocally(TestNG.java:1176)
	at org.testng.TestNG.runSuites(TestNG.java:1099)
	at org.testng.TestNG.run(TestNG.java:1067)
	at org.testng.remote.AbstractRemoteTestNG.run(AbstractRemoteTestNG.java:115)
	at org.testng.remote.RemoteTestNG.initAndRun(RemoteTestNG.java:251)
	at org.testng.remote.RemoteTestNG.main(RemoteTestNG.java:77)

</div> <!-- stack-trace -->
                </div> <!-- method-content -->
              </div> <!-- method -->
            </div> <!-- main-panel-content rounded-window-bottom -->
          </div> <!-- suite-Default_suite-class-failed -->
          <div class="suite-Default_suite-class-passed">
            <div class="main-panel-header rounded-window-top">
              <img src="passed.png"/>
              <span class="class-name">tests.TestClass</span>
            </div> <!-- main-panel-header rounded-window-top -->
            <div class="main-panel-content rounded-window-bottom">
              <div class="method">
                <div class="method-content">
                  <a name="test00_succsesfull_connection">
                  </a> <!-- test00_succsesfull_connection -->
                  <span class="method-name">test00_succsesfull_connection</span>
                </div> <!-- method-content -->
              </div> <!-- method -->
              <div class="method">
                <div class="method-content">
                  <a name="test01_unsuccsesfull_connection">
                  </a> <!-- test01_unsuccsesfull_connection -->
                  <span class="method-name">test01_unsuccsesfull_connection</span>
                </div> <!-- method-content -->
              </div> <!-- method -->
              <div class="method">
                <div class="method-content">
                  <a name="test02_get_names_of_table_data_columns">
                  </a> <!-- test02_get_names_of_table_data_columns -->
                  <span class="method-name">test02_get_names_of_table_data_columns</span>
                </div> <!-- method-content -->
              </div> <!-- method -->
              <div class="method">
                <div class="method-content">
                  <a name="test03_get_types_of_table_data_columns">
                  </a> <!-- test03_get_types_of_table_data_columns -->
                  <span class="method-name">test03_get_types_of_table_data_columns</span>
                </div> <!-- method-content -->
              </div> <!-- method -->
              <div class="method">
                <div class="method-content">
                  <a name="test04_check_for_every_element_to_be_notNull">
                  </a> <!-- test04_check_for_every_element_to_be_notNull -->
                  <span class="method-name">test04_check_for_every_element_to_be_notNull</span>
                </div> <!-- method-content -->
              </div> <!-- method -->
              <div class="method">
                <div class="method-content">
                  <a name="test07_check_for_every_userName_to_be_unique">
                  </a> <!-- test07_check_for_every_userName_to_be_unique -->
                  <span class="method-name">test07_check_for_every_userName_to_be_unique</span>
                </div> <!-- method-content -->
              </div> <!-- method -->
              <div class="method">
                <div class="method-content">
                  <a name="test08_add_items_into_dataBase">
                  </a> <!-- test08_add_items_into_dataBase -->
                  <span class="method-name">test08_add_items_into_dataBase</span>
                </div> <!-- method-content -->
              </div> <!-- method -->
              <div class="method">
                <div class="method-content">
                  <a name="test09_check_to_be_unable_to_add_duplicate_usernames">
                  </a> <!-- test09_check_to_be_unable_to_add_duplicate_usernames -->
                  <span class="method-name">test09_check_to_be_unable_to_add_duplicate_usernames</span>
                </div> <!-- method-content -->
              </div> <!-- method -->
              <div class="method">
                <div class="method-content">
                  <a name="test10_incorrect_table_name_exception_check">
                  </a> <!-- test10_incorrect_table_name_exception_check -->
                  <span class="method-name">test10_incorrect_table_name_exception_check</span>
                </div> <!-- method-content -->
              </div> <!-- method -->
            </div> <!-- main-panel-content rounded-window-bottom -->
          </div> <!-- suite-Default_suite-class-passed -->
        </div> <!-- panel Default_suite -->
        <div panel-name="test-xml-Default_suite" class="panel">
          <div class="main-panel-header rounded-window-top">
            <span class="header-content">C:\Users\zikaz\AppData\Local\Temp\testng-eclipse-1592363801\testng-customsuite.xml</span>
          </div> <!-- main-panel-header rounded-window-top -->
          <div class="main-panel-content rounded-window-bottom">
            <pre>
&lt;?xml version=&quot;1.0&quot; encoding=&quot;UTF-8&quot;?&gt;
&lt;!DOCTYPE suite SYSTEM &quot;https://testng.org/testng-1.0.dtd&quot;&gt;
&lt;suite name=&quot;Default suite&quot; guice-stage=&quot;DEVELOPMENT&quot;&gt;
  &lt;test thread-count=&quot;5&quot; name=&quot;Default test&quot; verbose=&quot;2&quot;&gt;
    &lt;classes&gt;
      &lt;class name=&quot;tests.TestClass&quot;/&gt;
    &lt;/classes&gt;
  &lt;/test&gt; &lt;!-- Default test --&gt;
&lt;/suite&gt; &lt;!-- Default suite --&gt;
            </pre>
          </div> <!-- main-panel-content rounded-window-bottom -->
        </div> <!-- panel -->
        <div panel-name="testlist-Default_suite" class="panel">
          <div class="main-panel-header rounded-window-top">
            <span class="header-content">Tests for Default suite</span>
          </div> <!-- main-panel-header rounded-window-top -->
          <div class="main-panel-content rounded-window-bottom">
            <ul>
              <li>
                <span class="test-name">Default test (1 class)</span>
              </li>
            </ul>
          </div> <!-- main-panel-content rounded-window-bottom -->
        </div> <!-- panel -->
        <div panel-name="group-Default_suite" class="panel">
          <div class="main-panel-header rounded-window-top">
            <span class="header-content">Groups for Default suite</span>
          </div> <!-- main-panel-header rounded-window-top -->
          <div class="main-panel-content rounded-window-bottom">
          </div> <!-- main-panel-content rounded-window-bottom -->
        </div> <!-- panel -->
        <div panel-name="times-Default_suite" class="panel">
          <div class="main-panel-header rounded-window-top">
            <span class="header-content">Times for Default suite</span>
          </div> <!-- main-panel-header rounded-window-top -->
          <div class="main-panel-content rounded-window-bottom">
            <div class="times-div">
              <script type="text/javascript">
suiteTableInitFunctions.push('tableData_Default_suite');
function tableData_Default_suite() {
var data = new google.visualization.DataTable();
data.addColumn('number', 'Number');
data.addColumn('string', 'Method');
data.addColumn('string', 'Class');
data.addColumn('number', 'Time (ms)');
data.addRows(11);
data.setCell(0, 0, 0)
data.setCell(0, 1, 'test08_add_items_into_dataBase')
data.setCell(0, 2, 'tests.TestClass')
data.setCell(0, 3, 3391);
data.setCell(1, 0, 1)
data.setCell(1, 1, 'test11_update_table')
data.setCell(1, 2, 'tests.TestClass')
data.setCell(1, 3, 557);
data.setCell(2, 0, 2)
data.setCell(2, 1, 'test00_succsesfull_connection')
data.setCell(2, 2, 'tests.TestClass')
data.setCell(2, 3, 447);
data.setCell(3, 0, 3)
data.setCell(3, 1, 'test09_check_to_be_unable_to_add_duplicate_usernames')
data.setCell(3, 2, 'tests.TestClass')
data.setCell(3, 3, 251);
data.setCell(4, 0, 4)
data.setCell(4, 1, 'test10_incorrect_table_name_exception_check')
data.setCell(4, 2, 'tests.TestClass')
data.setCell(4, 3, 177);
data.setCell(5, 0, 5)
data.setCell(5, 1, 'test04_check_for_every_element_to_be_notNull')
data.setCell(5, 2, 'tests.TestClass')
data.setCell(5, 3, 79);
data.setCell(6, 0, 6)
data.setCell(6, 1, 'test01_unsuccsesfull_connection')
data.setCell(6, 2, 'tests.TestClass')
data.setCell(6, 3, 60);
data.setCell(7, 0, 7)
data.setCell(7, 1, 'test02_get_names_of_table_data_columns')
data.setCell(7, 2, 'tests.TestClass')
data.setCell(7, 3, 55);
data.setCell(8, 0, 8)
data.setCell(8, 1, 'test05_check_for_every_ID_to_be_in_Asc_order')
data.setCell(8, 2, 'tests.TestClass')
data.setCell(8, 3, 37);
data.setCell(9, 0, 9)
data.setCell(9, 1, 'test03_get_types_of_table_data_columns')
data.setCell(9, 2, 'tests.TestClass')
data.setCell(9, 3, 32);
data.setCell(10, 0, 10)
data.setCell(10, 1, 'test07_check_for_every_userName_to_be_unique')
data.setCell(10, 2, 'tests.TestClass')
data.setCell(10, 3, 29);
window.suiteTableData['Default_suite']= { tableData: data, tableDiv: 'times-div-Default_suite'}
return data;
}
              </script>
              <span class="suite-total-time">Total running time: 5 seconds</span>
              <div id="times-div-Default_suite">
              </div> <!-- times-div-Default_suite -->
            </div> <!-- times-div -->
          </div> <!-- main-panel-content rounded-window-bottom -->
        </div> <!-- panel -->
        <div panel-name="reporter-Default_suite" class="panel">
          <div class="main-panel-header rounded-window-top">
            <span class="header-content">Reporter output for Default suite</span>
          </div> <!-- main-panel-header rounded-window-top -->
          <div class="main-panel-content rounded-window-bottom">
          </div> <!-- main-panel-content rounded-window-bottom -->
        </div> <!-- panel -->
        <div panel-name="ignored-methods-Default_suite" class="panel">
          <div class="main-panel-header rounded-window-top">
            <span class="header-content">1 ignored method</span>
          </div> <!-- main-panel-header rounded-window-top -->
          <div class="main-panel-content rounded-window-bottom">
            <div class="ignored-class-div">
              <span class="ignored-class-name">tests.TestClass</span>
              <div class="ignored-methods-div">
                <span class="ignored-method-name">test06_check_for_every_email_to_contains_monkey</span>
                <br/>
              </div> <!-- ignored-methods-div -->
            </div> <!-- ignored-class-div -->
          </div> <!-- main-panel-content rounded-window-bottom -->
        </div> <!-- panel -->
        <div panel-name="chronological-Default_suite" class="panel">
          <div class="main-panel-header rounded-window-top">
            <span class="header-content">Methods in chronological order</span>
          </div> <!-- main-panel-header rounded-window-top -->
          <div class="main-panel-content rounded-window-bottom">
            <div class="chronological-class">
              <div class="chronological-class-name">tests.TestClass</div> <!-- chronological-class-name -->
              <div class="configuration-test before">
                <span class="method-name">onStart(org.testng.TestRunner@1109730f)</span>
                <span class="method-start">0 ms</span>
              </div> <!-- configuration-test before -->
              <div class="configuration-method before">
                <span class="method-name">onTestStart([TestResult name={null} status=CREATED method=TestClass.test00_succsesfull_connection()[pri:0, insta...)</span>
                <span class="method-start">1278 ms</span>
              </div> <!-- configuration-method before -->
              <div class="test-method">
                <span class="method-name">test00_succsesfull_connection</span>
                <span class="method-start">1285 ms</span>
              </div> <!-- test-method -->
              <div class="configuration-method after">
                <span class="method-name">onTestFailure([TestResult name=test00_succsesfull_connection status=SUCCESS method=TestClass.test00_succsesfull_co...)</span>
                <span class="method-start">1736 ms</span>
              </div> <!-- configuration-method after -->
              <div class="configuration-method after">
                <span class="method-name">onTestSuccses([TestResult name=test00_succsesfull_connection status=SUCCESS method=TestClass.test00_succsesfull_co...)</span>
                <span class="method-start">1737 ms</span>
              </div> <!-- configuration-method after -->
              <div class="configuration-method before">
                <span class="method-name">onTestStart([TestResult name={null} status=CREATED method=TestClass.test01_unsuccsesfull_connection()[pri:1, ins...)</span>
                <span class="method-start">1755 ms</span>
              </div> <!-- configuration-method before -->
              <div class="test-method">
                <span class="method-name">test01_unsuccsesfull_connection</span>
                <span class="method-start">1757 ms</span>
              </div> <!-- test-method -->
              <div class="configuration-method after">
                <span class="method-name">onTestFailure([TestResult name=test01_unsuccsesfull_connection status=SUCCESS method=TestClass.test01_unsuccsesful...)</span>
                <span class="method-start">1819 ms</span>
              </div> <!-- configuration-method after -->
              <div class="configuration-method after">
                <span class="method-name">onTestSuccses([TestResult name=test01_unsuccsesfull_connection status=SUCCESS method=TestClass.test01_unsuccsesful...)</span>
                <span class="method-start">1820 ms</span>
              </div> <!-- configuration-method after -->
              <div class="configuration-method before">
                <span class="method-name">onTestStart([TestResult name={null} status=CREATED method=TestClass.test02_get_names_of_table_data_columns()[pri...)</span>
                <span class="method-start">1824 ms</span>
              </div> <!-- configuration-method before -->
              <div class="test-method">
                <span class="method-name">test02_get_names_of_table_data_columns</span>
                <span class="method-start">1825 ms</span>
              </div> <!-- test-method -->
              <div class="configuration-method after">
                <span class="method-name">onTestFailure([TestResult name=test02_get_names_of_table_data_columns status=SUCCESS method=TestClass.test02_get_n...)</span>
                <span class="method-start">1884 ms</span>
              </div> <!-- configuration-method after -->
              <div class="configuration-method after">
                <span class="method-name">onTestSuccses([TestResult name=test02_get_names_of_table_data_columns status=SUCCESS method=TestClass.test02_get_n...)</span>
                <span class="method-start">1885 ms</span>
              </div> <!-- configuration-method after -->
              <div class="configuration-method before">
                <span class="method-name">onTestStart([TestResult name={null} status=CREATED method=TestClass.test03_get_types_of_table_data_columns()[pri...)</span>
                <span class="method-start">1888 ms</span>
              </div> <!-- configuration-method before -->
              <div class="test-method">
                <span class="method-name">test03_get_types_of_table_data_columns</span>
                <span class="method-start">1889 ms</span>
              </div> <!-- test-method -->
              <div class="configuration-method after">
                <span class="method-name">onTestFailure([TestResult name=test03_get_types_of_table_data_columns status=SUCCESS method=TestClass.test03_get_t...)</span>
                <span class="method-start">1924 ms</span>
              </div> <!-- configuration-method after -->
              <div class="configuration-method after">
                <span class="method-name">onTestSuccses([TestResult name=test03_get_types_of_table_data_columns status=SUCCESS method=TestClass.test03_get_t...)</span>
                <span class="method-start">1925 ms</span>
              </div> <!-- configuration-method after -->
              <div class="configuration-method before">
                <span class="method-name">onTestStart([TestResult name={null} status=CREATED method=TestClass.test04_check_for_every_element_to_be_notNull...)</span>
                <span class="method-start">1927 ms</span>
              </div> <!-- configuration-method before -->
              <div class="test-method">
                <span class="method-name">test04_check_for_every_element_to_be_notNull</span>
                <span class="method-start">1929 ms</span>
              </div> <!-- test-method -->
              <div class="configuration-method after">
                <span class="method-name">onTestFailure([TestResult name=test04_check_for_every_element_to_be_notNull status=SUCCESS method=TestClass.test04...)</span>
                <span class="method-start">2013 ms</span>
              </div> <!-- configuration-method after -->
              <div class="configuration-method after">
                <span class="method-name">onTestSuccses([TestResult name=test04_check_for_every_element_to_be_notNull status=SUCCESS method=TestClass.test04...)</span>
                <span class="method-start">2014 ms</span>
              </div> <!-- configuration-method after -->
              <div class="test-method">
                <img src="failed.png">
                </img>
                <span class="method-name">test05_check_for_every_ID_to_be_in_Asc_order</span>
                <span class="method-start">2017 ms</span>
              </div> <!-- test-method -->
              <div class="configuration-method before">
                <span class="method-name">onTestStart([TestResult name={null} status=CREATED method=TestClass.test05_check_for_every_ID_to_be_in_Asc_order...)</span>
                <span class="method-start">2017 ms</span>
              </div> <!-- configuration-method before -->
              <div class="configuration-method after">
                <span class="method-name">onTestFailure([TestResult name=test05_check_for_every_ID_to_be_in_Asc_order status=FAILURE method=TestClass.test05...)</span>
                <span class="method-start">2061 ms</span>
              </div> <!-- configuration-method after -->
              <div class="configuration-method after">
                <span class="method-name">onTestSuccses([TestResult name=test05_check_for_every_ID_to_be_in_Asc_order status=FAILURE method=TestClass.test05...)</span>
                <span class="method-start">2062 ms</span>
              </div> <!-- configuration-method after -->
              <div class="configuration-method before">
                <span class="method-name">onTestStart([TestResult name={null} status=CREATED method=TestClass.test07_check_for_every_userName_to_be_unique...)</span>
                <span class="method-start">2064 ms</span>
              </div> <!-- configuration-method before -->
              <div class="test-method">
                <span class="method-name">test07_check_for_every_userName_to_be_unique</span>
                <span class="method-start">2065 ms</span>
              </div> <!-- test-method -->
              <div class="configuration-method after">
                <span class="method-name">onTestFailure([TestResult name=test07_check_for_every_userName_to_be_unique status=SUCCESS method=TestClass.test07...)</span>
                <span class="method-start">2099 ms</span>
              </div> <!-- configuration-method after -->
              <div class="configuration-method after">
                <span class="method-name">onTestSuccses([TestResult name=test07_check_for_every_userName_to_be_unique status=SUCCESS method=TestClass.test07...)</span>
                <span class="method-start">2100 ms</span>
              </div> <!-- configuration-method after -->
              <div class="configuration-method before">
                <span class="method-name">onTestStart([TestResult name={null} status=CREATED method=TestClass.test08_add_items_into_dataBase()[pri:8, inst...)</span>
                <span class="method-start">2101 ms</span>
              </div> <!-- configuration-method before -->
              <div class="test-method">
                <span class="method-name">test08_add_items_into_dataBase</span>
                <span class="method-start">2102 ms</span>
              </div> <!-- test-method -->
              <div class="configuration-method after">
                <span class="method-name">onTestFailure([TestResult name=test08_add_items_into_dataBase status=SUCCESS method=TestClass.test08_add_items_int...)</span>
                <span class="method-start">5495 ms</span>
              </div> <!-- configuration-method after -->
              <div class="configuration-method after">
                <span class="method-name">onTestSuccses([TestResult name=test08_add_items_into_dataBase status=SUCCESS method=TestClass.test08_add_items_int...)</span>
                <span class="method-start">5496 ms</span>
              </div> <!-- configuration-method after -->
              <div class="test-method">
                <span class="method-name">test09_check_to_be_unable_to_add_duplicate_usernames</span>
                <span class="method-start">5497 ms</span>
              </div> <!-- test-method -->
              <div class="configuration-method before">
                <span class="method-name">onTestStart([TestResult name={null} status=CREATED method=TestClass.test09_check_to_be_unable_to_add_duplicate_u...)</span>
                <span class="method-start">5497 ms</span>
              </div> <!-- configuration-method before -->
              <div class="configuration-method after">
                <span class="method-name">onTestFailure([TestResult name=test09_check_to_be_unable_to_add_duplicate_usernames status=SUCCESS method=TestClas...)</span>
                <span class="method-start">5749 ms</span>
              </div> <!-- configuration-method after -->
              <div class="configuration-method after">
                <span class="method-name">onTestSuccses([TestResult name=test09_check_to_be_unable_to_add_duplicate_usernames status=SUCCESS method=TestClas...)</span>
                <span class="method-start">5750 ms</span>
              </div> <!-- configuration-method after -->
              <div class="configuration-method before">
                <span class="method-name">onTestStart([TestResult name={null} status=CREATED method=TestClass.test10_incorrect_table_name_exception_check(...)</span>
                <span class="method-start">5752 ms</span>
              </div> <!-- configuration-method before -->
              <div class="test-method">
                <span class="method-name">test10_incorrect_table_name_exception_check</span>
                <span class="method-start">5755 ms</span>
              </div> <!-- test-method -->
              <div class="configuration-method after">
                <span class="method-name">onTestSuccses([TestResult name=test10_incorrect_table_name_exception_check status=SUCCESS method=TestClass.test10_...)</span>
                <span class="method-start">5934 ms</span>
              </div> <!-- configuration-method after -->
              <div class="configuration-method after">
                <span class="method-name">onTestFailure([TestResult name=test10_incorrect_table_name_exception_check status=SUCCESS method=TestClass.test10_...)</span>
                <span class="method-start">5934 ms</span>
              </div> <!-- configuration-method after -->
              <div class="configuration-method before">
                <span class="method-name">onTestStart([TestResult name={null} status=CREATED method=TestClass.test11_update_table()[pri:11, instance:tests...)</span>
                <span class="method-start">5936 ms</span>
              </div> <!-- configuration-method before -->
              <div class="test-method">
                <img src="failed.png">
                </img>
                <span class="method-name">test11_update_table</span>
                <span class="method-start">5936 ms</span>
              </div> <!-- test-method -->
              <div class="configuration-method after">
                <span class="method-name">onTestFailure([TestResult name=test11_update_table status=FAILURE method=TestClass.test11_update_table()[pri:11, i...)</span>
                <span class="method-start">6495 ms</span>
              </div> <!-- configuration-method after -->
              <div class="configuration-method after">
                <span class="method-name">onTestSuccses([TestResult name=test11_update_table status=FAILURE method=TestClass.test11_update_table()[pri:11, i...)</span>
                <span class="method-start">6497 ms</span>
              </div> <!-- configuration-method after -->
              <div class="configuration-test after">
                <span class="method-name">shutDown</span>
                <span class="method-start">6498 ms</span>
              </div> <!-- configuration-test after -->
              <div class="configuration-test after">
                <span class="method-name">onFinish(org.testng.TestRunner@1109730f)</span>
                <span class="method-start">6499 ms</span>
              </div> <!-- configuration-test after -->
          </div> <!-- main-panel-content rounded-window-bottom -->
        </div> <!-- panel -->
      </div> <!-- main-panel-root -->
    </div> <!-- wrapper -->
  </body>
<script type="text/javascript" src="testng-reports2.js"></script>
</html>
